{"C:\\Users\\akhkushw\\Documents\\ReactNative\\newBhatt\\vanilla-react-native-localization\\Restart.tsx": {"path":"C:\\Users\\akhkushw\\Documents\\ReactNative\\newBhatt\\vanilla-react-native-localization\\Restart.tsx","statementMap":{"0":{"start":{"line":3,"column":25},"end":{"line":6,"column":1}},"1":{"start":{"line":4,"column":5},"end":{"line":5,"column":24}},"2":{"start":{"line":5,"column":4},"end":{"line":5,"column":24}}},"fnMap":{"0":{"name":"(anonymous_0)","decl":{"start":{"line":3,"column":25},"end":{"line":3,"column":26}},"loc":{"start":{"line":3,"column":31},"end":{"line":6,"column":1}},"line":3}},"branchMap":{"0":{"loc":{"start":{"line":4,"column":5},"end":{"line":5,"column":24}},"type":"if","locations":[{"start":{"line":4,"column":5},"end":{"line":5,"column":24}},{"start":{},"end":{}}],"line":4}},"s":{"0":1,"1":4,"2":0},"f":{"0":4},"b":{"0":[0,4]},"_coverageSchema":"1a1c01bbd47fc00a2c39e90264f33305004495a9","hash":"dfad73a62f28407ec4f3d59d0c74f0a86a5a3515"}
,"C:\\Users\\akhkushw\\Documents\\ReactNative\\newBhatt\\vanilla-react-native-localization\\vanillaLocalization.tsx": {"path":"C:\\Users\\akhkushw\\Documents\\ReactNative\\newBhatt\\vanilla-react-native-localization\\vanillaLocalization.tsx","statementMap":{"0":{"start":{"line":6,"column":13},"end":{"line":6,"column":34}},"1":{"start":{"line":8,"column":16},"end":{"line":11,"column":1}},"2":{"start":{"line":13,"column":21},"end":{"line":15,"column":1}},"3":{"start":{"line":14,"column":4},"end":{"line":14,"column":46}},"4":{"start":{"line":17,"column":27},"end":{"line":23,"column":1}},"5":{"start":{"line":18,"column":4},"end":{"line":21,"column":5}},"6":{"start":{"line":20,"column":8},"end":{"line":20,"column":41}},"7":{"start":{"line":22,"column":4},"end":{"line":22,"column":37}},"8":{"start":{"line":25,"column":27},"end":{"line":42,"column":1}},"9":{"start":{"line":27,"column":4},"end":{"line":27,"column":49}},"10":{"start":{"line":29,"column":4},"end":{"line":38,"column":9}},"11":{"start":{"line":30,"column":12},"end":{"line":30,"column":39}},"12":{"start":{"line":31,"column":12},"end":{"line":31,"column":38}},"13":{"start":{"line":32,"column":12},"end":{"line":32,"column":35}},"14":{"start":{"line":35,"column":12},"end":{"line":35,"column":40}},"15":{"start":{"line":36,"column":12},"end":{"line":36,"column":37}},"16":{"start":{"line":37,"column":12},"end":{"line":37,"column":36}},"17":{"start":{"line":41,"column":4},"end":{"line":41,"column":16}},"18":{"start":{"line":44,"column":27},"end":{"line":73,"column":1}},"19":{"start":{"line":58,"column":4},"end":{"line":72,"column":5}},"20":{"start":{"line":59,"column":22},"end":{"line":59,"column":35}},"21":{"start":{"line":60,"column":18},"end":{"line":60,"column":56}},"22":{"start":{"line":61,"column":8},"end":{"line":68,"column":9}},"23":{"start":{"line":62,"column":29},"end":{"line":62,"column":53}},"24":{"start":{"line":63,"column":11},"end":{"line":67,"column":12}},"25":{"start":{"line":64,"column":15},"end":{"line":64,"column":57}},"26":{"start":{"line":66,"column":15},"end":{"line":66,"column":50}},"27":{"start":{"line":69,"column":8},"end":{"line":69,"column":40}},"28":{"start":{"line":71,"column":8},"end":{"line":71,"column":24}},"29":{"start":{"line":75,"column":38},"end":{"line":80,"column":1}},"30":{"start":{"line":77,"column":4},"end":{"line":79,"column":48}},"31":{"start":{"line":88,"column":0},"end":{"line":99,"column":1}},"32":{"start":{"line":90,"column":4},"end":{"line":98,"column":5}},"33":{"start":{"line":92,"column":24},"end":{"line":92,"column":43}},"34":{"start":{"line":93,"column":26},"end":{"line":93,"column":30}},"35":{"start":{"line":94,"column":8},"end":{"line":94,"column":28}},"36":{"start":{"line":96,"column":8},"end":{"line":96,"column":35}},"37":{"start":{"line":97,"column":8},"end":{"line":97,"column":54}}},"fnMap":{"0":{"name":"(anonymous_0)","decl":{"start":{"line":13,"column":21},"end":{"line":13,"column":22}},"loc":{"start":{"line":13,"column":32},"end":{"line":15,"column":1}},"line":13},"1":{"name":"(anonymous_1)","decl":{"start":{"line":17,"column":27},"end":{"line":17,"column":28}},"loc":{"start":{"line":17,"column":33},"end":{"line":23,"column":1}},"line":17},"2":{"name":"(anonymous_2)","decl":{"start":{"line":25,"column":27},"end":{"line":25,"column":28}},"loc":{"start":{"line":25,"column":50},"end":{"line":42,"column":1}},"line":25},"3":{"name":"(anonymous_3)","decl":{"start":{"line":44,"column":27},"end":{"line":44,"column":28}},"loc":{"start":{"line":44,"column":39},"end":{"line":73,"column":1}},"line":44},"4":{"name":"(anonymous_4)","decl":{"start":{"line":75,"column":38},"end":{"line":75,"column":39}},"loc":{"start":{"line":76,"column":0},"end":{"line":80,"column":1}},"line":76},"5":{"name":"(anonymous_5)","decl":{"start":{"line":88,"column":38},"end":{"line":88,"column":39}},"loc":{"start":{"line":89,"column":0},"end":{"line":99,"column":1}},"line":89}},"branchMap":{"0":{"loc":{"start":{"line":18,"column":4},"end":{"line":21,"column":5}},"type":"if","locations":[{"start":{"line":18,"column":4},"end":{"line":21,"column":5}},{"start":{},"end":{}}],"line":18},"1":{"loc":{"start":{"line":29,"column":4},"end":{"line":38,"column":9}},"type":"if","locations":[{"start":{"line":29,"column":4},"end":{"line":38,"column":9}},{"start":{"line":34,"column":8},"end":{"line":38,"column":9}}],"line":29},"2":{"loc":{"start":{"line":61,"column":8},"end":{"line":68,"column":9}},"type":"if","locations":[{"start":{"line":61,"column":8},"end":{"line":68,"column":9}},{"start":{},"end":{}}],"line":61},"3":{"loc":{"start":{"line":63,"column":11},"end":{"line":67,"column":12}},"type":"if","locations":[{"start":{"line":63,"column":11},"end":{"line":67,"column":12}},{"start":{"line":65,"column":16},"end":{"line":67,"column":12}}],"line":63},"4":{"loc":{"start":{"line":77,"column":11},"end":{"line":79,"column":48}},"type":"cond-expr","locations":[{"start":{"line":78,"column":6},"end":{"line":78,"column":56}},{"start":{"line":79,"column":6},"end":{"line":79,"column":48}}],"line":77}},"s":{"0":1,"1":1,"2":1,"3":4,"4":1,"5":2,"6":1,"7":1,"8":1,"9":4,"10":4,"11":3,"12":3,"13":3,"14":1,"15":1,"16":1,"17":4,"18":1,"19":8,"20":8,"21":8,"22":3,"23":0,"24":0,"25":0,"26":0,"27":3,"28":5,"29":1,"30":0,"31":1,"32":5,"33":5,"34":5,"35":5,"36":3,"37":3},"f":{"0":4,"1":2,"2":4,"3":8,"4":0,"5":5},"b":{"0":[1,1],"1":[3,1],"2":[0,3],"3":[0,0],"4":[0,0]},"_coverageSchema":"1a1c01bbd47fc00a2c39e90264f33305004495a9","hash":"ebde8e08ba705f9c5c47770ed3fe217bfce3c036"}
,"C:\\Users\\akhkushw\\Documents\\ReactNative\\newBhatt\\vanilla-react-native-localization\\constants\\AllPath.js": {"path":"C:\\Users\\akhkushw\\Documents\\ReactNative\\newBhatt\\vanilla-react-native-localization\\constants\\AllPath.js","statementMap":{"0":{"start":{"line":1,"column":16},"end":{"line":6,"column":1}}},"fnMap":{},"branchMap":{},"s":{"0":3},"f":{},"b":{},"_coverageSchema":"1a1c01bbd47fc00a2c39e90264f33305004495a9","hash":"5c4051b5d84e92ba9e44d820fa48eaf88aa014e7"}
}
