TN:
SF:Restart.tsx
FN:3,(anonymous_0)
FNF:1
FNH:1
FNDA:4,(anonymous_0)
DA:3,1
DA:4,4
DA:5,0
LF:3
LH:2
BRDA:4,0,0,0
BRDA:4,0,1,4
BRF:2
BRH:1
end_of_record
TN:
SF:vanillaLocalization.tsx
FN:13,(anonymous_0)
FN:17,(anonymous_1)
FN:25,(anonymous_2)
FN:44,(anonymous_3)
FN:75,(anonymous_4)
FN:88,(anonymous_5)
FNF:6
FNH:5
FNDA:4,(anonymous_0)
FNDA:2,(anonymous_1)
FNDA:4,(anonymous_2)
FNDA:8,(anonymous_3)
FNDA:0,(anonymous_4)
FNDA:5,(anonymous_5)
DA:6,1
DA:8,1
DA:13,1
DA:14,4
DA:17,1
DA:18,2
DA:20,1
DA:22,1
DA:25,1
DA:27,4
DA:29,4
DA:30,3
DA:31,3
DA:32,3
DA:35,1
DA:36,1
DA:37,1
DA:41,4
DA:44,1
DA:58,8
DA:59,8
DA:60,8
DA:61,3
DA:62,0
DA:63,0
DA:64,0
DA:66,0
DA:69,3
DA:71,5
DA:75,1
DA:77,0
DA:88,1
DA:90,5
DA:92,5
DA:93,5
DA:94,5
DA:96,3
DA:97,3
LF:38
LH:33
BRDA:18,0,0,1
BRDA:18,0,1,1
BRDA:29,1,0,3
BRDA:29,1,1,1
BRDA:61,2,0,0
BRDA:61,2,1,3
BRDA:63,3,0,0
BRDA:63,3,1,0
BRDA:77,4,0,0
BRDA:77,4,1,0
BRF:10
BRH:5
end_of_record
TN:
SF:constants\AllPath.js
FNF:0
FNH:0
DA:1,3
LF:1
LH:1
BRF:0
BRH:0
end_of_record
